localetoast_setting_plugin/build/outputs/logs/manifest-merger-release-report.txt
-- Merging decision tree log ---
manifest
ADDED from src\main\AndroidManifest.xml:19:1-137:12
	package
		ADDED from src\main\AndroidManifest.xml:22:5-42
		INJECTED from src\main\AndroidManifest.xml
		INJECTED from src\main\AndroidManifest.xml
	android:versionName
		ADDED from src\main\AndroidManifest.xml:25:5-46
		INJECTED from src\main\AndroidManifest.xml
		INJECTED from src\main\AndroidManifest.xml
	xmlns:categoryandroid
		ADDED from src\main\AndroidManifest.xml:20:5-68
	xmlns:tools
		ADDED from src\main\AndroidManifest.xml:21:5-51
	android:versionCode
		ADDED from src\main\AndroidManifest.xml:24:5-47
	xmlns:android
		ADDED from src\main\AndroidManifest.xml:19:11-69
	android:installLocation
		ADDED from src\main\AndroidManifest.xml:23:5-43
uses-sdk
ADDED from src\main\AndroidManifest.xml:26:5-28:41
MERGED from [locale-toast_setting_plugin:localeapi:unspecified] AndroidManifest.xml:5:5-7:41
	android:targetSdkVersion
		ADDED from src\main\AndroidManifest.xml:28:9-38
		INJECTED from src\main\AndroidManifest.xml
		INJECTED from src\main\AndroidManifest.xml
	android:minSdkVersion
		ADDED from src\main\AndroidManifest.xml:27:9-34
		INJECTED from src\main\AndroidManifest.xml
		INJECTED from src\main\AndroidManifest.xml
uses-feature#android.hardware.touchscreen
ADDED from src\main\AndroidManifest.xml:31:5-33:36
MERGED from [locale-toast_setting_plugin:localeapi:unspecified] AndroidManifest.xml:9:5-11:36
	android:required
		ADDED from src\main\AndroidManifest.xml:33:9-33
	android:name
		ADDED from src\main\AndroidManifest.xml:32:9-52
supports-screens
ADDED from src\main\AndroidManifest.xml:36:5-41:40
	android:largeScreens
		ADDED from src\main\AndroidManifest.xml:38:9-36
	android:smallScreens
		ADDED from src\main\AndroidManifest.xml:40:9-36
	android:normalScreens
		ADDED from src\main\AndroidManifest.xml:39:9-37
	android:xlargeScreens
		ADDED from src\main\AndroidManifest.xml:41:9-37
	android:anyDensity
		ADDED from src\main\AndroidManifest.xml:37:9-34
android:uses-permission#android.permission.READ_PHONE_STATE
ADDED from src\main\AndroidManifest.xml:44:5-83
	android:name
		ADDED from src\main\AndroidManifest.xml:44:30-80
android:uses-permission#android.permission.READ_EXTERNAL_STORAGE
ADDED from src\main\AndroidManifest.xml:45:5-88
	android:name
		ADDED from src\main\AndroidManifest.xml:45:30-85
android:uses-permission#android.permission.RECEIVE_BOOT_COMPLETED
ADDED from src\main\AndroidManifest.xml:46:5-89
	android:name
		ADDED from src\main\AndroidManifest.xml:46:30-86
application
ADDED from src\main\AndroidManifest.xml:49:5-135:19
	android:label
		ADDED from src\main\AndroidManifest.xml:54:9-41
	android:hardwareAccelerated
		ADDED from src\main\AndroidManifest.xml:52:9-43
	android:uiOptions
		ADDED from src\main\AndroidManifest.xml:56:9-53
	android:allowBackup
		ADDED from src\main\AndroidManifest.xml:51:9-35
	android:icon
		ADDED from src\main\AndroidManifest.xml:53:9-45
	android:persistent
		ADDED from src\main\AndroidManifest.xml:57:9-34
	android:theme
		ADDED from src\main\AndroidManifest.xml:55:9-49
	android:name
		ADDED from src\main\AndroidManifest.xml:50:9-42
activity#com.yourcompany.yoursetting.ui.InfoActivity
ADDED from src\main\AndroidManifest.xml:63:9-72:20
	android:exported
		ADDED from src\main\AndroidManifest.xml:65:13-36
	tools:ignore
		ADDED from src\main\AndroidManifest.xml:66:13-44
	android:name
		ADDED from src\main\AndroidManifest.xml:64:13-44
intent-filter#android.intent.action.MAIN+android.intent.category.LAUNCHER
ADDED from src\main\AndroidManifest.xml:67:13-71:29
action#android.intent.action.MAIN
ADDED from src\main\AndroidManifest.xml:68:17-69
	android:name
		ADDED from src\main\AndroidManifest.xml:68:25-66
category#android.intent.category.LAUNCHER
ADDED from src\main\AndroidManifest.xml:70:17-77
	android:name
		ADDED from src\main\AndroidManifest.xml:70:27-74
activity#com.yourcompany.yoursetting.ui.EditActivity
ADDED from src\main\AndroidManifest.xml:81:9-96:20
	android:label
		ADDED from src\main\AndroidManifest.xml:86:13-48
	android:exported
		ADDED from src\main\AndroidManifest.xml:84:13-36
	android:windowSoftInputMode
		ADDED from src\main\AndroidManifest.xml:89:13-55
	tools:ignore
		ADDED from src\main\AndroidManifest.xml:90:13-44
	android:configChanges
		ADDED from src\main\AndroidManifest.xml:83:13-74
	android:uiOptions
		ADDED from src\main\AndroidManifest.xml:88:13-57
	android:icon
		ADDED from src\main\AndroidManifest.xml:85:13-54
	android:theme
		ADDED from src\main\AndroidManifest.xml:87:13-53
	android:name
		ADDED from src\main\AndroidManifest.xml:82:13-44
intent-filter#com.twofortyfouram.locale.intent.action.EDIT_SETTING
ADDED from src\main\AndroidManifest.xml:93:13-95:29
action#com.twofortyfouram.locale.intent.action.EDIT_SETTING
ADDED from src\main\AndroidManifest.xml:94:17-95
	android:name
		ADDED from src\main\AndroidManifest.xml:94:25-92
receiver#com.yourcompany.yoursetting.receiver.FireReceiver
ADDED from src\main\AndroidManifest.xml:104:9-114:20
	android:process
		ADDED from src\main\AndroidManifest.xml:107:13-42
	android:exported
		ADDED from src\main\AndroidManifest.xml:106:13-36
	tools:ignore
		ADDED from src\main\AndroidManifest.xml:108:13-44
	android:name
		ADDED from src\main\AndroidManifest.xml:105:13-50
intent-filter#com.twofortyfouram.locale.intent.action.FIRE_SETTING
ADDED from src\main\AndroidManifest.xml:111:13-113:29
action#com.twofortyfouram.locale.intent.action.FIRE_SETTING
ADDED from src\main\AndroidManifest.xml:112:17-95
	android:name
		ADDED from src\main\AndroidManifest.xml:112:25-92
activity#com.yourcompany.yoursetting.receiver.CallQpythonActivity
ADDED from src\main\AndroidManifest.xml:116:9-118:62
	android:theme
		ADDED from src\main\AndroidManifest.xml:118:13-59
	android:name
		ADDED from src\main\AndroidManifest.xml:117:13-57
receiver#com.yourcompany.yoursetting.receiver.MyReceiver
ADDED from src\main\AndroidManifest.xml:120:9-128:20
	android:enabled
		ADDED from src\main\AndroidManifest.xml:122:13-35
	android:exported
		ADDED from src\main\AndroidManifest.xml:123:13-36
	android:name
		ADDED from src\main\AndroidManifest.xml:121:13-48
intent-filter#android.intent.action.BOOT_COMPLETED
ADDED from src\main\AndroidManifest.xml:124:13-127:29
action#android.intent.action.BOOT_COMPLETED
ADDED from src\main\AndroidManifest.xml:125:17-79
	android:name
		ADDED from src\main\AndroidManifest.xml:125:25-76
service#com.yourcompany.yoursetting.receiver.MyIntentService
ADDED from src\main\AndroidManifest.xml:130:9-134:19
	android:exported
		ADDED from src\main\AndroidManifest.xml:132:13-37
	android:name
		ADDED from src\main\AndroidManifest.xml:131:13-53